<?xml version="1.0" encoding="UTF-8"?>
<coverage generated="1648517960599" clover="3.2.0">
  <project timestamp="1648517960599" name="All files">
    <metrics statements="21" coveredstatements="19" conditionals="4" coveredconditionals="1" methods="3" coveredmethods="3" elements="28" coveredelements="23" complexity="0" loc="21" ncloc="21" packages="1" files="1" classes="1"/>
    <file name="planet.js" path="C:\Users\aglad\Desktop\galatic cal\src\planet.js">
      <metrics statements="21" coveredstatements="19" conditionals="4" coveredconditionals="1" methods="3" coveredmethods="3"/>
      <line num="15" count="3" type="stmt"/>
      <line num="16" count="3" type="stmt"/>
      <line num="17" count="3" type="stmt"/>
      <line num="18" count="3" type="stmt"/>
      <line num="19" count="3" type="stmt"/>
      <line num="20" count="3" type="stmt"/>
      <line num="21" count="3" type="stmt"/>
      <line num="22" count="3" type="stmt"/>
      <line num="23" count="3" type="stmt"/>
      <line num="24" count="3" type="stmt"/>
      <line num="29" count="1" type="stmt"/>
      <line num="30" count="1" type="stmt"/>
      <line num="31" count="1" type="stmt"/>
      <line num="32" count="1" type="stmt"/>
      <line num="33" count="1" type="stmt"/>
      <line num="34" count="1" type="stmt"/>
      <line num="38" count="1" type="cond" truecount="1" falsecount="1"/>
      <line num="39" count="1" type="stmt"/>
      <line num="40" count="0" type="cond" truecount="0" falsecount="2"/>
      <line num="41" count="0" type="stmt"/>
      <line num="64" count="1" type="stmt"/>
    </file>
  </project>
</coverage>
