{"C:\\Users\\aglad\\Desktop\\galatic cal\\src\\planet.js": {"path":"C:\\Users\\aglad\\Desktop\\galatic cal\\src\\planet.js","statementMap":{"0":{"start":{"line":6,"column":4},"end":{"line":6,"column":61}},"1":{"start":{"line":7,"column":4},"end":{"line":7,"column":39}},"2":{"start":{"line":8,"column":4},"end":{"line":8,"column":25}},"3":{"start":{"line":9,"column":4},"end":{"line":9,"column":19}},"4":{"start":{"line":10,"column":4},"end":{"line":10,"column":24}},"5":{"start":{"line":11,"column":4},"end":{"line":11,"column":22}},"6":{"start":{"line":12,"column":4},"end":{"line":12,"column":21}},"7":{"start":{"line":13,"column":4},"end":{"line":13,"column":24}},"8":{"start":{"line":14,"column":4},"end":{"line":14,"column":22}},"9":{"start":{"line":15,"column":4},"end":{"line":15,"column":29}},"10":{"start":{"line":16,"column":4},"end":{"line":16,"column":33}},"11":{"start":{"line":17,"column":4},"end":{"line":17,"column":97}},"12":{"start":{"line":22,"column":4},"end":{"line":22,"column":59}},"13":{"start":{"line":23,"column":4},"end":{"line":23,"column":56}},"14":{"start":{"line":24,"column":4},"end":{"line":24,"column":56}},"15":{"start":{"line":25,"column":4},"end":{"line":25,"column":60}},"16":{"start":{"line":26,"column":4},"end":{"line":26,"column":54}},"17":{"start":{"line":27,"column":4},"end":{"line":27,"column":48}},"18":{"start":{"line":31,"column":4},"end":{"line":34,"column":40}},"19":{"start":{"line":32,"column":6},"end":{"line":32,"column":56}},"20":{"start":{"line":33,"column":6},"end":{"line":33,"column":34}},"21":{"start":{"line":34,"column":12},"end":{"line":34,"column":40}},"22":{"start":{"line":35,"column":6},"end":{"line":35,"column":60}},"23":{"start":{"line":36,"column":6},"end":{"line":36,"column":38}},"24":{"start":{"line":46,"column":0},"end":{"line":46,"column":19}}},"fnMap":{"0":{"name":"(anonymous_0)","decl":{"start":{"line":5,"column":2},"end":{"line":5,"column":3}},"loc":{"start":{"line":5,"column":19},"end":{"line":19,"column":3}},"line":5},"1":{"name":"(anonymous_1)","decl":{"start":{"line":21,"column":2},"end":{"line":21,"column":3}},"loc":{"start":{"line":21,"column":18},"end":{"line":28,"column":3}},"line":21},"2":{"name":"(anonymous_2)","decl":{"start":{"line":30,"column":2},"end":{"line":30,"column":3}},"loc":{"start":{"line":30,"column":18},"end":{"line":37,"column":3}},"line":30}},"branchMap":{"0":{"loc":{"start":{"line":31,"column":4},"end":{"line":34,"column":40}},"type":"if","locations":[{"start":{"line":31,"column":4},"end":{"line":34,"column":40}},{"start":{"line":31,"column":4},"end":{"line":34,"column":40}}],"line":31}},"s":{"0":4,"1":4,"2":4,"3":4,"4":4,"5":4,"6":4,"7":4,"8":4,"9":4,"10":4,"11":4,"12":1,"13":1,"14":1,"15":1,"16":1,"17":1,"18":2,"19":1,"20":1,"21":1,"22":1,"23":1,"24":1},"f":{"0":4,"1":1,"2":2},"b":{"0":[1,1]},"_coverageSchema":"43e27e138ebf9cfc5966b082cf9a028302ed4184","hash":"28a39814ee4a4c0eaa92c3a357fcf674967f2500"}
}
